<?xml version="1.0" encoding="UTF-8"?>
<testsuite xmlns:xsi="http://www.w3.org/2001/XMLSchema-instance" xsi:noNamespaceSchemaLocation="https://maven.apache.org/surefire/maven-surefire-plugin/xsd/surefire-test-report-3.0.xsd" version="3.0" name="com.sc.crmate.samlauth.SamlauthApplicationTest" time="5.427" tests="1" errors="0" skipped="0" failures="0">
  <properties>
[...]
</properties>
  <testcase name="contextLoads" classname="com.sc.crmate.samlauth.SamlauthApplicationTest" time="1.204">
    <system-out><![CDATA[12:05:08.462 [main] INFO org.springframework.test.context.support.AnnotationConfigContextLoaderUtils -- Could not detect default configuration classes for test class [com.sc.crmate.samlauth.SamlauthApplicationTest]: SamlauthApplicationTest does not declare any static, non-private, non-final, nested classes annotated with @Configuration.
12:05:08.555 [main] INFO org.springframework.boot.test.context.SpringBootTestContextBootstrapper -- Found @SpringBootConfiguration com.sc.crmate.samlauth.SamlauthApplication for test class com.sc.crmate.samlauth.SamlauthApplicationTest

  .   ____          _            __ _ _
 /\\ / ___'_ __ _ _(_)_ __  __ _ \ \ \ \
( ( )\___ | '_ | '_| | '_ \/ _` | \ \ \ \
 \\/  ___)| |_)| | | | | || (_| |  ) ) ) )
  '  |____| .__|_| |_|_| |_\__, | / / / /
 =========|_|==============|___/=/_/_/_/
 :: Spring Boot ::                (v3.1.5)

2024-02-23T12:05:08.935+05:30  INFO 22124 --- [           main] c.s.c.samlauth.SamlauthApplicationTest   : Starting SamlauthApplicationTest using Java 17.0.7 with PID 22124 (started by Amit Mahajan in D:\work\security-projects-okta)
2024-02-23T12:05:08.937+05:30  INFO 22124 --- [           main] c.s.c.samlauth.SamlauthApplicationTest   : No active profile set, falling back to 1 default profile: "default"
2024-02-23T12:05:09.721+05:30 TRACE 22124 --- [           main] eGlobalAuthenticationAutowiredConfigurer : Eagerly initializing {securityConfiguration=com.sc.crmate.samlauth.SecurityConfiguration$$SpringCGLIB$$0@5114b7c7}
2024-02-23T12:05:09.723+05:30 DEBUG 22124 --- [           main] swordEncoderAuthenticationManagerBuilder : No authenticationProviders and no parentAuthenticationManager defined. Returning null.
2024-02-23T12:05:09.788+05:30 TRACE 22124 --- [           main] o.s.s.s.c.OpenSamlInitializationService  : Initializing OpenSAML
2024-02-23T12:05:09.788+05:30  INFO 22124 --- [           main] o.o.core.config.InitializationService    : Initializing OpenSAML using the Java Services API
2024-02-23T12:05:10.403+05:30  INFO 22124 --- [           main] o.o.xmlsec.algorithm.AlgorithmRegistry   : Algorithm failed runtime support check, will not be usable: http://www.w3.org/2001/04/xmlenc#ripemd160
2024-02-23T12:05:10.408+05:30  INFO 22124 --- [           main] o.o.xmlsec.algorithm.AlgorithmRegistry   : Algorithm failed runtime support check, will not be usable: http://www.w3.org/2001/04/xmldsig-more#hmac-ripemd160
2024-02-23T12:05:10.415+05:30  INFO 22124 --- [           main] o.o.xmlsec.algorithm.AlgorithmRegistry   : Algorithm failed runtime support check, will not be usable: http://www.w3.org/2001/04/xmldsig-more#rsa-ripemd160
2024-02-23T12:05:10.883+05:30 DEBUG 22124 --- [           main] o.s.s.s.c.OpenSamlInitializationService  : Initialized OpenSAML
2024-02-23T12:05:12.082+05:30 DEBUG 22124 --- [           main] o.s.s.s.c.OpenSamlInitializationService  : Refused to re-initialize OpenSAML
2024-02-23T12:05:12.105+05:30 DEBUG 22124 --- [           main] o.s.s.s.c.OpenSamlInitializationService  : Refused to re-initialize OpenSAML
2024-02-23T12:05:12.109+05:30 DEBUG 22124 --- [           main] o.s.s.s.c.OpenSamlInitializationService  : Refused to re-initialize OpenSAML
2024-02-23T12:05:12.121+05:30 DEBUG 22124 --- [           main] o.s.s.s.c.OpenSamlInitializationService  : Refused to re-initialize OpenSAML
2024-02-23T12:05:12.126+05:30 DEBUG 22124 --- [           main] o.s.s.s.c.OpenSamlInitializationService  : Refused to re-initialize OpenSAML
2024-02-23T12:05:12.144+05:30 DEBUG 22124 --- [           main] o.s.s.s.c.OpenSamlInitializationService  : Refused to re-initialize OpenSAML
2024-02-23T12:05:12.145+05:30 DEBUG 22124 --- [           main] o.s.s.s.c.OpenSamlInitializationService  : Refused to re-initialize OpenSAML
2024-02-23T12:05:12.148+05:30 DEBUG 22124 --- [           main] o.s.s.s.c.OpenSamlInitializationService  : Refused to re-initialize OpenSAML
2024-02-23T12:05:12.152+05:30 DEBUG 22124 --- [           main] o.s.s.s.c.OpenSamlInitializationService  : Refused to re-initialize OpenSAML
2024-02-23T12:05:12.154+05:30  INFO 22124 --- [           main] o.s.s.web.DefaultSecurityFilterChain     : Will secure any request with [org.springframework.security.web.session.DisableEncodeUrlFilter@6408be5, org.springframework.security.web.context.request.async.WebAsyncManagerIntegrationFilter@1e57b783, org.springframework.security.web.context.SecurityContextHolderFilter@1aee6d14, org.springframework.security.web.header.HeaderWriterFilter@3639b04, org.springframework.security.saml2.provider.service.web.authentication.logout.Saml2LogoutRequestFilter@41f40dfa, org.springframework.security.saml2.provider.service.web.authentication.logout.Saml2LogoutResponseFilter@6a9df5, org.springframework.security.web.authentication.logout.LogoutFilter@26d7cb0d, org.springframework.security.web.authentication.logout.LogoutFilter@d180961, org.springframework.security.saml2.provider.service.web.Saml2WebSsoAuthenticationRequestFilter@1f3361e9, org.springframework.security.saml2.provider.service.web.Saml2MetadataFilter@73b8ab2c, org.springframework.security.saml2.provider.service.web.authentication.Saml2WebSsoAuthenticationFilter@3eb0fd88, org.springframework.security.web.authentication.ui.DefaultLoginPageGeneratingFilter@69e36fe3, org.springframework.security.web.authentication.ui.DefaultLogoutPageGeneratingFilter@5600a278, org.springframework.security.web.savedrequest.RequestCacheAwareFilter@5c740c5a, org.springframework.security.web.servletapi.SecurityContextHolderAwareRequestFilter@3c3cd13a, org.springframework.security.web.authentication.AnonymousAuthenticationFilter@549d14fe, org.springframework.security.web.access.ExceptionTranslationFilter@30133a11, org.springframework.security.web.access.intercept.AuthorizationFilter@77998ea7]
2024-02-23T12:05:12.379+05:30  INFO 22124 --- [           main] o.s.b.a.w.s.WelcomePageHandlerMapping    : Adding welcome page template: index
2024-02-23T12:05:12.536+05:30  INFO 22124 --- [           main] c.s.c.samlauth.SamlauthApplicationTest   : Started SamlauthApplicationTest in 3.839 seconds (process running for 4.764)
]]></system-out>
  </testcase>
</testsuite>